# JRE version: Java(TM) SE Runtime Environment (8.0_91-b14) (build 1.8.0_91-b14)
# Java VM: Java HotSpot(TM) 64-Bit Server VM (25.91-b14 mixed mode linux-amd64 compressed oops)
Heap:
 PSYoungGen      total 36864K, used 22765K [0x00000000d6d80000, 0x00000000dac00000, 0x0000000100000000)
  eden space 31744K, 59% used [0x00000000d6d80000,0x00000000d8006f80,0x00000000d8c80000)
  from space 5120K, 74% used [0x00000000d8c80000,0x00000000d90347b8,0x00000000d9180000)
  to   space 9216K, 0% used [0x00000000da300000,0x00000000da300000,0x00000000dac00000)
 ParOldGen       total 58368K, used 7162K [0x0000000084800000, 0x0000000088100000, 0x00000000d6d80000)
  object space 58368K, 12% used [0x0000000084800000,0x0000000084efeae8,0x0000000088100000)
 Metaspace       used 27079K, capacity 27278K, committed 27520K, reserved 1073152K
  class space    used 3319K, capacity 3367K, committed 3456K, reserved 1048576K
GC Heap History (10 events):
Event: 2.037 GC heap before
{Heap before GC invocations=2 (full 0):
 PSYoungGen      total 36864K, used 34357K [0x00000000d6d80000, 0x00000000d9680000, 0x0000000100000000)
  eden space 31744K, 100% used [0x00000000d6d80000,0x00000000d8c80000,0x00000000d8c80000)
  from space 5120K, 51% used [0x00000000d8c80000,0x00000000d8f0d530,0x00000000d9180000)
  to   space 5120K, 0% used [0x00000000d9180000,0x00000000d9180000,0x00000000d9680000)
 ParOldGen       total 84992K, used 0K [0x0000000084800000, 0x0000000089b00000, 0x00000000d6d80000)
  object space 84992K, 0% used [0x0000000084800000,0x0000000084800000,0x0000000089b00000)
 Metaspace       used 14118K, capacity 14248K, committed 14336K, reserved 1062912K
  class space    used 1684K, capacity 1718K, committed 1792K, reserved 1048576K
Event: 2.048 GC heap after
Heap after GC invocations=2 (full 0):
 PSYoungGen      total 36864K, used 5107K [0x00000000d6d80000, 0x00000000d9680000, 0x0000000100000000)
  eden space 31744K, 0% used [0x00000000d6d80000,0x00000000d6d80000,0x00000000d8c80000)
  from space 5120K, 99% used [0x00000000d9180000,0x00000000d967cd78,0x00000000d9680000)
  to   space 5120K, 0% used [0x00000000d8c80000,0x00000000d8c80000,0x00000000d9180000)
 ParOldGen       total 84992K, used 307K [0x0000000084800000, 0x0000000089b00000, 0x00000000d6d80000)
  object space 84992K, 0% used [0x0000000084800000,0x000000008484cd28,0x0000000089b00000)
 Metaspace       used 14118K, capacity 14248K, committed 14336K, reserved 1062912K
  class space    used 1684K, capacity 1718K, committed 1792K, reserved 1048576K
}
Event: 3.072 GC heap before
{Heap before GC invocations=3 (full 0):
 PSYoungGen      total 36864K, used 36851K [0x00000000d6d80000, 0x00000000d9680000, 0x0000000100000000)
  eden space 31744K, 100% used [0x00000000d6d80000,0x00000000d8c80000,0x00000000d8c80000)
  from space 5120K, 99% used [0x00000000d9180000,0x00000000d967cd78,0x00000000d9680000)
  to   space 5120K, 0% used [0x00000000d8c80000,0x00000000d8c80000,0x00000000d9180000)
 ParOldGen       total 84992K, used 307K [0x0000000084800000, 0x0000000089b00000, 0x00000000d6d80000)
  object space 84992K, 0% used [0x0000000084800000,0x000000008484cd28,0x0000000089b00000)
 Metaspace       used 17983K, capacity 18094K, committed 18176K, reserved 1064960K
  class space    used 2201K, capacity 2231K, committed 2304K, reserved 1048576K
Event: 3.084 GC heap after
Heap after GC invocations=3 (full 0):
 PSYoungGen      total 36864K, used 5096K [0x00000000d6d80000, 0x00000000d9680000, 0x0000000100000000)
  eden space 31744K, 0% used [0x00000000d6d80000,0x00000000d6d80000,0x00000000d8c80000)
  from space 5120K, 99% used [0x00000000d8c80000,0x00000000d917a390,0x00000000d9180000)
  to   space 5120K, 0% used [0x00000000d9180000,0x00000000d9180000,0x00000000d9680000)
 ParOldGen       total 84992K, used 2224K [0x0000000084800000, 0x0000000089b00000, 0x00000000d6d80000)
  object space 84992K, 2% used [0x0000000084800000,0x0000000084a2c1a0,0x0000000089b00000)
 Metaspace       used 17983K, capacity 18094K, committed 18176K, reserved 1064960K
  class space    used 2201K, capacity 2231K, committed 2304K, reserved 1048576K
}
Event: 3.749 GC heap before
{Heap before GC invocations=4 (full 0):
 PSYoungGen      total 36864K, used 32188K [0x00000000d6d80000, 0x00000000d9680000, 0x0000000100000000)
  eden space 31744K, 85% used [0x00000000d6d80000,0x00000000d87f4e48,0x00000000d8c80000)
  from space 5120K, 99% used [0x00000000d8c80000,0x00000000d917a390,0x00000000d9180000)
  to   space 5120K, 0% used [0x00000000d9180000,0x00000000d9180000,0x00000000d9680000)
 ParOldGen       total 84992K, used 2224K [0x0000000084800000, 0x0000000089b00000, 0x00000000d6d80000)
  object space 84992K, 2% used [0x0000000084800000,0x0000000084a2c1a0,0x0000000089b00000)
 Metaspace       used 21029K, capacity 21114K, committed 21296K, reserved 1069056K
  class space    used 2583K, capacity 2617K, committed 2688K, reserved 1048576K
Event: 3.762 GC heap after
Heap after GC invocations=4 (full 0):
 PSYoungGen      total 36864K, used 5094K [0x00000000d6d80000, 0x00000000db580000, 0x0000000100000000)
  eden space 31744K, 0% used [0x00000000d6d80000,0x00000000d6d80000,0x00000000d8c80000)
  from space 5120K, 99% used [0x00000000d9180000,0x00000000d9679b18,0x00000000d9680000)
  to   space 5120K, 0% used [0x00000000d8c80000,0x00000000d8c80000,0x00000000d9180000)
 ParOldGen       total 84992K, used 4333K [0x0000000084800000, 0x0000000089b00000, 0x00000000d6d80000)
  object space 84992K, 5% used [0x0000000084800000,0x0000000084c3b580,0x0000000089b00000)
 Metaspace       used 21029K, capacity 21114K, committed 21296K, reserved 1069056K
  class space    used 2583K, capacity 2617K, committed 2688K, reserved 1048576K
}
Event: 3.762 GC heap before
{Heap before GC invocations=5 (full 1):
 PSYoungGen      total 36864K, used 5094K [0x00000000d6d80000, 0x00000000db580000, 0x0000000100000000)
  eden space 31744K, 0% used [0x00000000d6d80000,0x00000000d6d80000,0x00000000d8c80000)
  from space 5120K, 99% used [0x00000000d9180000,0x00000000d9679b18,0x00000000d9680000)
  to   space 5120K, 0% used [0x00000000d8c80000,0x00000000d8c80000,0x00000000d9180000)
 ParOldGen       total 84992K, used 4333K [0x0000000084800000, 0x0000000089b00000, 0x00000000d6d80000)
  object space 84992K, 5% used [0x0000000084800000,0x0000000084c3b580,0x0000000089b00000)
 Metaspace       used 21029K, capacity 21114K, committed 21296K, reserved 1069056K
  class space    used 2583K, capacity 2617K, committed 2688K, reserved 1048576K
Event: 3.810 GC heap after
Heap after GC invocations=5 (full 1):
 PSYoungGen      total 36864K, used 0K [0x00000000d6d80000, 0x00000000db580000, 0x0000000100000000)
  eden space 31744K, 0% used [0x00000000d6d80000,0x00000000d6d80000,0x00000000d8c80000)
  from space 5120K, 0% used [0x00000000d9180000,0x00000000d9180000,0x00000000d9680000)
  to   space 5120K, 0% used [0x00000000d8c80000,0x00000000d8c80000,0x00000000d9180000)
 ParOldGen       total 58368K, used 7154K [0x0000000084800000, 0x0000000088100000, 0x00000000d6d80000)
  object space 58368K, 12% used [0x0000000084800000,0x0000000084efcae8,0x0000000088100000)
 Metaspace       used 21029K, capacity 21114K, committed 21296K, reserved 1069056K
  class space    used 2583K, capacity 2617K, committed 2688K, reserved 1048576K
}
Event: 8.656 GC heap before
{Heap before GC invocations=6 (full 1):
 PSYoungGen      total 36864K, used 31744K [0x00000000d6d80000, 0x00000000db580000, 0x0000000100000000)
  eden space 31744K, 100% used [0x00000000d6d80000,0x00000000d8c80000,0x00000000d8c80000)
  from space 5120K, 0% used [0x00000000d9180000,0x00000000d9180000,0x00000000d9680000)
  to   space 5120K, 0% used [0x00000000d8c80000,0x00000000d8c80000,0x00000000d9180000)
 ParOldGen       total 58368K, used 7154K [0x0000000084800000, 0x0000000088100000, 0x00000000d6d80000)
  object space 58368K, 12% used [0x0000000084800000,0x0000000084efcae8,0x0000000088100000)
 Metaspace       used 25050K, capacity 25212K, committed 25472K, reserved 1071104K
  class space    used 3070K, capacity 3128K, committed 3200K, reserved 1048576K
Event: 8.666 GC heap after
Heap after GC invocations=6 (full 1):
 PSYoungGen      total 36864K, used 3793K [0x00000000d6d80000, 0x00000000dac00000, 0x0000000100000000)
  eden space 31744K, 0% used [0x00000000d6d80000,0x00000000d6d80000,0x00000000d8c80000)
  from space 5120K, 74% used [0x00000000d8c80000,0x00000000d90347b8,0x00000000d9180000)
  to   space 9216K, 0% used [0x00000000da300000,0x00000000da300000,0x00000000dac00000)
 ParOldGen       total 58368K, used 7162K [0x0000000084800000, 0x0000000088100000, 0x00000000d6d80000)
  object space 58368K, 12% used [0x0000000084800000,0x0000000084efeae8,0x0000000088100000)
 Metaspace       used 25050K, capacity 25212K, committed 25472K, reserved 1071104K
  class space    used 3070K, capacity 3128K, committed 3200K, reserved 1048576K
}

